# JRE version: OpenJDK Runtime Environment (11.0.13) (build 11.0.13+0-b1751.21-8125866)
# Java VM: OpenJDK 64-Bit Server VM (11.0.13+0-b1751.21-8125866, mixed mode, tiered, compressed oops, g1 gc, windows-amd64)
Heap:
 garbage-first heap   total 450560K, used 288276K [0x0000000080000000, 0x0000000100000000)
  region size 1024K, 79 young (80896K), 4 survivors (4096K)
 Metaspace       used 109029K, capacity 111987K, committed 112296K, reserved 1146880K
  class space    used 13725K, capacity 14846K, committed 14924K, reserved 1048576K
GC Heap History (20 events):
Event: 21.049 GC heap before
{Heap before GC invocations=36 (full 0):
 garbage-first heap   total 276480K, used 213572K [0x0000000080000000, 0x0000000100000000)
  region size 1024K, 50 young (51200K), 9 survivors (9216K)
 Metaspace       used 100634K, capacity 103157K, committed 103336K, reserved 1138688K
  class space    used 12842K, capacity 13798K, committed 13900K, reserved 1048576K
}
Event: 21.078 GC heap after
{Heap after GC invocations=37 (full 0):
 garbage-first heap   total 276480K, used 181760K [0x0000000080000000, 0x0000000100000000)
  region size 1024K, 7 young (7168K), 7 survivors (7168K)
 Metaspace       used 100634K, capacity 103157K, committed 103336K, reserved 1138688K
  class space    used 12842K, capacity 13798K, committed 13900K, reserved 1048576K
}
Event: 21.429 GC heap before
{Heap before GC invocations=37 (full 0):
 garbage-first heap   total 276480K, used 219648K [0x0000000080000000, 0x0000000100000000)
  region size 1024K, 44 young (45056K), 7 survivors (7168K)
 Metaspace       used 101360K, capacity 103961K, committed 104232K, reserved 1140736K
  class space    used 12929K, capacity 13930K, committed 14028K, reserved 1048576K
}
Event: 21.446 GC heap after
{Heap after GC invocations=38 (full 0):
 garbage-first heap   total 276480K, used 188589K [0x0000000080000000, 0x0000000100000000)
  region size 1024K, 6 young (6144K), 6 survivors (6144K)
 Metaspace       used 101360K, capacity 103961K, committed 104232K, reserved 1140736K
  class space    used 12929K, capacity 13930K, committed 14028K, reserved 1048576K
}
Event: 22.047 GC heap before
{Heap before GC invocations=39 (full 0):
 garbage-first heap   total 276480K, used 218285K [0x0000000080000000, 0x0000000100000000)
  region size 1024K, 41 young (41984K), 6 survivors (6144K)
 Metaspace       used 101387K, capacity 104027K, committed 104232K, reserved 1140736K
  class space    used 12929K, capacity 13930K, committed 14028K, reserved 1048576K
}
Event: 22.073 GC heap after
{Heap after GC invocations=40 (full 0):
 garbage-first heap   total 380928K, used 185454K [0x0000000080000000, 0x0000000100000000)
  region size 1024K, 3 young (3072K), 3 survivors (3072K)
 Metaspace       used 101387K, capacity 104027K, committed 104232K, reserved 1140736K
  class space    used 12929K, capacity 13930K, committed 14028K, reserved 1048576K
}
Event: 22.316 GC heap before
{Heap before GC invocations=40 (full 0):
 garbage-first heap   total 380928K, used 199790K [0x0000000080000000, 0x0000000100000000)
  region size 1024K, 18 young (18432K), 3 survivors (3072K)
 Metaspace       used 101557K, capacity 104195K, committed 104488K, reserved 1140736K
  class space    used 12947K, capacity 13941K, committed 14028K, reserved 1048576K
}
Event: 22.334 GC heap after
{Heap after GC invocations=41 (full 0):
 garbage-first heap   total 380928K, used 179869K [0x0000000080000000, 0x0000000100000000)
  region size 1024K, 2 young (2048K), 2 survivors (2048K)
 Metaspace       used 101557K, capacity 104195K, committed 104488K, reserved 1140736K
  class space    used 12947K, capacity 13941K, committed 14028K, reserved 1048576K
}
Event: 23.496 GC heap before
{Heap before GC invocations=41 (full 0):
 garbage-first heap   total 380928K, used 274077K [0x0000000080000000, 0x0000000100000000)
  region size 1024K, 80 young (81920K), 2 survivors (2048K)
 Metaspace       used 101942K, capacity 104610K, committed 104744K, reserved 1140736K
  class space    used 12992K, capacity 14011K, committed 14028K, reserved 1048576K
}
Event: 23.511 GC heap after
{Heap after GC invocations=42 (full 0):
 garbage-first heap   total 380928K, used 202998K [0x0000000080000000, 0x0000000100000000)
  region size 1024K, 10 young (10240K), 10 survivors (10240K)
 Metaspace       used 101942K, capacity 104610K, committed 104744K, reserved 1140736K
  class space    used 12992K, capacity 14011K, committed 14028K, reserved 1048576K
}
Event: 24.301 GC heap before
{Heap before GC invocations=43 (full 0):
 garbage-first heap   total 380928K, used 287990K [0x0000000080000000, 0x0000000100000000)
  region size 1024K, 85 young (87040K), 10 survivors (10240K)
 Metaspace       used 102142K, capacity 104825K, committed 105000K, reserved 1140736K
  class space    used 12994K, capacity 14011K, committed 14028K, reserved 1048576K
}
Event: 24.316 GC heap after
{Heap after GC invocations=44 (full 0):
 garbage-first heap   total 380928K, used 216010K [0x0000000080000000, 0x0000000100000000)
  region size 1024K, 6 young (6144K), 6 survivors (6144K)
 Metaspace       used 102142K, capacity 104825K, committed 105000K, reserved 1140736K
  class space    used 12994K, capacity 14011K, committed 14028K, reserved 1048576K
}
Event: 24.712 GC heap before
{Heap before GC invocations=44 (full 0):
 garbage-first heap   total 380928K, used 246730K [0x0000000080000000, 0x0000000100000000)
  region size 1024K, 18 young (18432K), 6 survivors (6144K)
 Metaspace       used 102568K, capacity 105259K, committed 105384K, reserved 1140736K
  class space    used 13052K, capacity 14084K, committed 14156K, reserved 1048576K
}
Event: 24.729 GC heap after
{Heap after GC invocations=45 (full 0):
 garbage-first heap   total 450560K, used 205104K [0x0000000080000000, 0x0000000100000000)
  region size 1024K, 1 young (1024K), 1 survivors (1024K)
 Metaspace       used 102568K, capacity 105259K, committed 105384K, reserved 1140736K
  class space    used 13052K, capacity 14084K, committed 14156K, reserved 1048576K
}
Event: 53.988 GC heap before
{Heap before GC invocations=45 (full 0):
 garbage-first heap   total 450560K, used 306480K [0x0000000080000000, 0x0000000100000000)
  region size 1024K, 101 young (103424K), 1 survivors (1024K)
 Metaspace       used 103986K, capacity 106754K, committed 107048K, reserved 1142784K
  class space    used 13156K, capacity 14216K, committed 14284K, reserved 1048576K
}
Event: 54.000 GC heap after
{Heap after GC invocations=46 (full 0):
 garbage-first heap   total 450560K, used 215445K [0x0000000080000000, 0x0000000100000000)
  region size 1024K, 11 young (11264K), 11 survivors (11264K)
 Metaspace       used 103986K, capacity 106754K, committed 107048K, reserved 1142784K
  class space    used 13156K, capacity 14216K, committed 14284K, reserved 1048576K
}
Event: 55.239 GC heap before
{Heap before GC invocations=46 (full 0):
 garbage-first heap   total 450560K, used 366997K [0x0000000080000000, 0x0000000100000000)
  region size 1024K, 132 young (135168K), 11 survivors (11264K)
 Metaspace       used 104253K, capacity 107107K, committed 107304K, reserved 1142784K
  class space    used 13160K, capacity 14221K, committed 14284K, reserved 1048576K
}
Event: 55.249 GC heap after
{Heap after GC invocations=47 (full 0):
 garbage-first heap   total 450560K, used 217147K [0x0000000080000000, 0x0000000100000000)
  region size 1024K, 8 young (8192K), 8 survivors (8192K)
 Metaspace       used 104253K, capacity 107107K, committed 107304K, reserved 1142784K
  class space    used 13160K, capacity 14221K, committed 14284K, reserved 1048576K
}
Event: 56.278 GC heap before
{Heap before GC invocations=47 (full 0):
 garbage-first heap   total 450560K, used 357435K [0x0000000080000000, 0x0000000100000000)
  region size 1024K, 146 young (149504K), 8 survivors (8192K)
 Metaspace       used 104791K, capacity 107711K, committed 107944K, reserved 1142784K
  class space    used 13206K, capacity 14281K, committed 14412K, reserved 1048576K
}
Event: 56.284 GC heap after
{Heap after GC invocations=48 (full 0):
 garbage-first heap   total 450560K, used 213524K [0x0000000080000000, 0x0000000100000000)
  region size 1024K, 4 young (4096K), 4 survivors (4096K)
 Metaspace       used 104791K, capacity 107711K, committed 107944K, reserved 1142784K
  class space    used 13206K, capacity 14281K, committed 14412K, reserved 1048576K
}

