# JRE version: OpenJDK Runtime Environment (11.0.13) (build 11.0.13+0-b1751.21-8125866)
# Java VM: OpenJDK 64-Bit Server VM (11.0.13+0-b1751.21-8125866, mixed mode, tiered, compressed oops, g1 gc, windows-amd64)
Heap:
 garbage-first heap   total 465920K, used 222048K [0x0000000080000000, 0x0000000100000000)
  region size 1024K, 36 young (36864K), 3 survivors (3072K)
 Metaspace       used 153103K, capacity 157218K, committed 159144K, reserved 1187840K
  class space    used 18819K, capacity 20325K, committed 21068K, reserved 1048576K
GC Heap History (20 events):
Event: 12988.575 GC heap before
{Heap before GC invocations=94 (full 0):
 garbage-first heap   total 465920K, used 258327K [0x0000000080000000, 0x0000000100000000)
  region size 1024K, 13 young (13312K), 3 survivors (3072K)
 Metaspace       used 131117K, capacity 134522K, committed 134696K, reserved 1167360K
  class space    used 16503K, capacity 17755K, committed 17868K, reserved 1048576K
}
Event: 12988.598 GC heap after
{Heap after GC invocations=95 (full 0):
 garbage-first heap   total 465920K, used 252243K [0x0000000080000000, 0x0000000100000000)
  region size 1024K, 7 young (7168K), 7 survivors (7168K)
 Metaspace       used 131117K, capacity 134522K, committed 134696K, reserved 1167360K
  class space    used 16503K, capacity 17755K, committed 17868K, reserved 1048576K
}
Event: 12990.093 GC heap before
{Heap before GC invocations=96 (full 0):
 garbage-first heap   total 465920K, used 295251K [0x0000000080000000, 0x0000000100000000)
  region size 1024K, 77 young (78848K), 7 survivors (7168K)
 Metaspace       used 131602K, capacity 134979K, committed 135208K, reserved 1167360K
  class space    used 16523K, capacity 17786K, committed 17868K, reserved 1048576K
}
Event: 12990.116 GC heap after
{Heap after GC invocations=97 (full 0):
 garbage-first heap   total 465920K, used 230304K [0x0000000080000000, 0x0000000100000000)
  region size 1024K, 10 young (10240K), 10 survivors (10240K)
 Metaspace       used 131602K, capacity 134979K, committed 135208K, reserved 1167360K
  class space    used 16523K, capacity 17786K, committed 17868K, reserved 1048576K
}
Event: 12990.364 GC heap before
{Heap before GC invocations=97 (full 0):
 garbage-first heap   total 465920K, used 258976K [0x0000000080000000, 0x0000000100000000)
  region size 1024K, 22 young (22528K), 10 survivors (10240K)
 Metaspace       used 131834K, capacity 135228K, committed 135464K, reserved 1167360K
  class space    used 16541K, capacity 17796K, committed 17868K, reserved 1048576K
}
Event: 12990.384 GC heap after
{Heap after GC invocations=98 (full 0):
 garbage-first heap   total 465920K, used 190870K [0x0000000080000000, 0x0000000100000000)
  region size 1024K, 2 young (2048K), 2 survivors (2048K)
 Metaspace       used 131834K, capacity 135228K, committed 135464K, reserved 1167360K
  class space    used 16541K, capacity 17796K, committed 17868K, reserved 1048576K
}
Event: 12991.625 GC heap before
{Heap before GC invocations=98 (full 0):
 garbage-first heap   total 465920K, used 295318K [0x0000000080000000, 0x0000000100000000)
  region size 1024K, 105 young (107520K), 2 survivors (2048K)
 Metaspace       used 135670K, capacity 139076K, committed 139304K, reserved 1171456K
  class space    used 16828K, capacity 18087K, committed 18124K, reserved 1048576K
}
Event: 12991.654 GC heap after
{Heap after GC invocations=99 (full 0):
 garbage-first heap   total 465920K, used 195568K [0x0000000080000000, 0x0000000100000000)
  region size 1024K, 7 young (7168K), 7 survivors (7168K)
 Metaspace       used 135670K, capacity 139076K, committed 139304K, reserved 1171456K
  class space    used 16828K, capacity 18087K, committed 18124K, reserved 1048576K
}
Event: 12995.675 GC heap before
{Heap before GC invocations=100 (full 0):
 garbage-first heap   total 465920K, used 317424K [0x0000000080000000, 0x0000000100000000)
  region size 1024K, 127 young (130048K), 7 survivors (7168K)
 Metaspace       used 137608K, capacity 140998K, committed 141224K, reserved 1173504K
  class space    used 17012K, capacity 18247K, committed 18252K, reserved 1048576K
}
Event: 12995.688 GC heap after
{Heap after GC invocations=101 (full 0):
 garbage-first heap   total 465920K, used 197742K [0x0000000080000000, 0x0000000100000000)
  region size 1024K, 9 young (9216K), 9 survivors (9216K)
 Metaspace       used 137608K, capacity 140998K, committed 141224K, reserved 1173504K
  class space    used 17012K, capacity 18247K, committed 18252K, reserved 1048576K
}
Event: 12995.801 GC heap before
{Heap before GC invocations=101 (full 0):
 garbage-first heap   total 465920K, used 211054K [0x0000000080000000, 0x0000000100000000)
  region size 1024K, 22 young (22528K), 9 survivors (9216K)
 Metaspace       used 137752K, capacity 141158K, committed 141352K, reserved 1173504K
  class space    used 17026K, capacity 18279K, committed 18380K, reserved 1048576K
}
Event: 12995.823 GC heap after
{Heap after GC invocations=102 (full 0):
 garbage-first heap   total 465920K, used 184609K [0x0000000080000000, 0x0000000100000000)
  region size 1024K, 3 young (3072K), 3 survivors (3072K)
 Metaspace       used 137752K, capacity 141158K, committed 141352K, reserved 1173504K
  class space    used 17026K, capacity 18279K, committed 18380K, reserved 1048576K
}
Event: 12997.085 GC heap before
{Heap before GC invocations=102 (full 0):
 garbage-first heap   total 465920K, used 257313K [0x0000000080000000, 0x0000000100000000)
  region size 1024K, 76 young (77824K), 3 survivors (3072K)
 Metaspace       used 144314K, capacity 147971K, committed 148136K, reserved 1177600K
  class space    used 17847K, capacity 19187K, committed 19276K, reserved 1048576K
}
Event: 12997.097 GC heap after
{Heap after GC invocations=103 (full 0):
 garbage-first heap   total 465920K, used 185453K [0x0000000080000000, 0x0000000100000000)
  region size 1024K, 4 young (4096K), 4 survivors (4096K)
 Metaspace       used 144314K, capacity 147971K, committed 148136K, reserved 1177600K
  class space    used 17847K, capacity 19187K, committed 19276K, reserved 1048576K
}
Event: 12999.776 GC heap before
{Heap before GC invocations=104 (full 0):
 garbage-first heap   total 465920K, used 334668K [0x0000000080000000, 0x0000000100000000)
  region size 1024K, 150 young (153600K), 4 survivors (4096K)
 Metaspace       used 152644K, capacity 157209K, committed 157480K, reserved 1185792K
  class space    used 19093K, capacity 20855K, committed 20940K, reserved 1048576K
}
Event: 12999.800 GC heap after
{Heap after GC invocations=105 (full 0):
 garbage-first heap   total 465920K, used 198533K [0x0000000080000000, 0x0000000100000000)
  region size 1024K, 18 young (18432K), 18 survivors (18432K)
 Metaspace       used 152644K, capacity 157209K, committed 157480K, reserved 1185792K
  class space    used 19093K, capacity 20855K, committed 20940K, reserved 1048576K
}
Event: 12999.824 GC heap before
{Heap before GC invocations=105 (full 0):
 garbage-first heap   total 465920K, used 202629K [0x0000000080000000, 0x0000000100000000)
  region size 1024K, 22 young (22528K), 18 survivors (18432K)
 Metaspace       used 152666K, capacity 157209K, committed 157480K, reserved 1185792K
  class space    used 19093K, capacity 20855K, committed 20940K, reserved 1048576K
}
Event: 12999.845 GC heap after
{Heap after GC invocations=106 (full 0):
 garbage-first heap   total 465920K, used 188142K [0x0000000080000000, 0x0000000100000000)
  region size 1024K, 3 young (3072K), 3 survivors (3072K)
 Metaspace       used 152666K, capacity 157209K, committed 157480K, reserved 1185792K
  class space    used 19093K, capacity 20855K, committed 20940K, reserved 1048576K
}
Event: 13000.145 GC heap before
{Heap before GC invocations=106 (full 0):
 garbage-first heap   total 465920K, used 216814K [0x0000000080000000, 0x0000000100000000)
  region size 1024K, 33 young (33792K), 3 survivors (3072K)
 Metaspace       used 153298K, capacity 157883K, committed 157992K, reserved 1185792K
  class space    used 19129K, capacity 20883K, committed 20940K, reserved 1048576K
}
Event: 13000.154 GC heap after
{Heap after GC invocations=107 (full 0):
 garbage-first heap   total 465920K, used 188256K [0x0000000080000000, 0x0000000100000000)
  region size 1024K, 3 young (3072K), 3 survivors (3072K)
 Metaspace       used 153298K, capacity 157883K, committed 157992K, reserved 1185792K
  class space    used 19129K, capacity 20883K, committed 20940K, reserved 1048576K
}

