# JRE version: OpenJDK Runtime Environment (11.0.13) (build 11.0.13+0-b1751.21-8125866)
# Java VM: OpenJDK 64-Bit Server VM (11.0.13+0-b1751.21-8125866, mixed mode, tiered, compressed oops, g1 gc, windows-amd64)
Heap:
 garbage-first heap   total 131072K, used 83065K [0x0000000080000000, 0x0000000100000000)
  region size 1024K, 39 young (39936K), 2 survivors (2048K)
 Metaspace       used 39412K, capacity 40538K, committed 40576K, reserved 1085440K
  class space    used 5076K, capacity 5483K, committed 5504K, reserved 1048576K
GC Heap History (14 events):
Event: 1.876 GC heap before
{Heap before GC invocations=0 (full 0):
 garbage-first heap   total 131072K, used 29696K [0x0000000080000000, 0x0000000100000000)
  region size 1024K, 24 young (24576K), 0 survivors (0K)
 Metaspace       used 10162K, capacity 10333K, committed 10624K, reserved 1058816K
  class space    used 1047K, capacity 1108K, committed 1152K, reserved 1048576K
}
Event: 1.887 GC heap after
{Heap after GC invocations=1 (full 0):
 garbage-first heap   total 131072K, used 9366K [0x0000000080000000, 0x0000000100000000)
  region size 1024K, 3 young (3072K), 3 survivors (3072K)
 Metaspace       used 10162K, capacity 10333K, committed 10624K, reserved 1058816K
  class space    used 1047K, capacity 1108K, committed 1152K, reserved 1048576K
}
Event: 2.321 GC heap before
{Heap before GC invocations=1 (full 0):
 garbage-first heap   total 131072K, used 30870K [0x0000000080000000, 0x0000000100000000)
  region size 1024K, 24 young (24576K), 3 survivors (3072K)
 Metaspace       used 11199K, capacity 11386K, committed 11520K, reserved 1058816K
  class space    used 1153K, capacity 1246K, committed 1280K, reserved 1048576K
}
Event: 2.324 GC heap after
{Heap after GC invocations=2 (full 0):
 garbage-first heap   total 131072K, used 10254K [0x0000000080000000, 0x0000000100000000)
  region size 1024K, 1 young (1024K), 1 survivors (1024K)
 Metaspace       used 11199K, capacity 11386K, committed 11520K, reserved 1058816K
  class space    used 1153K, capacity 1246K, committed 1280K, reserved 1048576K
}
Event: 3.864 GC heap before
{Heap before GC invocations=2 (full 0):
 garbage-first heap   total 131072K, used 61454K [0x0000000080000000, 0x0000000100000000)
  region size 1024K, 51 young (52224K), 1 survivors (1024K)
 Metaspace       used 17774K, capacity 18154K, committed 18432K, reserved 1064960K
  class space    used 2064K, capacity 2196K, committed 2304K, reserved 1048576K
}
Event: 3.871 GC heap after
{Heap after GC invocations=3 (full 0):
 garbage-first heap   total 131072K, used 16600K [0x0000000080000000, 0x0000000100000000)
  region size 1024K, 7 young (7168K), 7 survivors (7168K)
 Metaspace       used 17774K, capacity 18154K, committed 18432K, reserved 1064960K
  class space    used 2064K, capacity 2196K, committed 2304K, reserved 1048576K
}
Event: 4.240 GC heap before
{Heap before GC invocations=3 (full 0):
 garbage-first heap   total 131072K, used 45272K [0x0000000080000000, 0x0000000100000000)
  region size 1024K, 36 young (36864K), 7 survivors (7168K)
 Metaspace       used 20732K, capacity 21126K, committed 21248K, reserved 1067008K
  class space    used 2525K, capacity 2697K, committed 2816K, reserved 1048576K
}
Event: 4.249 GC heap after
{Heap after GC invocations=4 (full 0):
 garbage-first heap   total 131072K, used 18055K [0x0000000080000000, 0x0000000100000000)
  region size 1024K, 2 young (2048K), 2 survivors (2048K)
 Metaspace       used 20732K, capacity 21126K, committed 21248K, reserved 1067008K
  class space    used 2525K, capacity 2697K, committed 2816K, reserved 1048576K
}
Event: 5.205 GC heap before
{Heap before GC invocations=5 (full 0):
 garbage-first heap   total 131072K, used 71303K [0x0000000080000000, 0x0000000100000000)
  region size 1024K, 54 young (55296K), 2 survivors (2048K)
 Metaspace       used 26312K, capacity 26961K, committed 27008K, reserved 1073152K
  class space    used 3419K, capacity 3673K, committed 3712K, reserved 1048576K
}
Event: 5.211 GC heap after
{Heap after GC invocations=6 (full 0):
 garbage-first heap   total 131072K, used 19991K [0x0000000080000000, 0x0000000100000000)
  region size 1024K, 3 young (3072K), 3 survivors (3072K)
 Metaspace       used 26312K, capacity 26961K, committed 27008K, reserved 1073152K
  class space    used 3419K, capacity 3673K, committed 3712K, reserved 1048576K
}
Event: 6.358 GC heap before
{Heap before GC invocations=6 (full 0):
 garbage-first heap   total 131072K, used 104983K [0x0000000080000000, 0x0000000100000000)
  region size 1024K, 69 young (70656K), 3 survivors (3072K)
 Metaspace       used 31731K, capacity 32704K, committed 32896K, reserved 1077248K
  class space    used 4252K, capacity 4623K, committed 4736K, reserved 1048576K
}
Event: 6.365 GC heap after
{Heap after GC invocations=7 (full 0):
 garbage-first heap   total 131072K, used 44768K [0x0000000080000000, 0x0000000100000000)
  region size 1024K, 9 young (9216K), 9 survivors (9216K)
 Metaspace       used 31731K, capacity 32704K, committed 32896K, reserved 1077248K
  class space    used 4252K, capacity 4623K, committed 4736K, reserved 1048576K
}
Event: 6.930 GC heap before
{Heap before GC invocations=7 (full 0):
 garbage-first heap   total 131072K, used 62176K [0x0000000080000000, 0x0000000100000000)
  region size 1024K, 27 young (27648K), 9 survivors (9216K)
 Metaspace       used 34701K, capacity 35711K, committed 35840K, reserved 1079296K
  class space    used 4615K, capacity 5007K, committed 5120K, reserved 1048576K
}
Event: 6.948 GC heap after
{Heap after GC invocations=8 (full 0):
 garbage-first heap   total 131072K, used 46201K [0x0000000080000000, 0x0000000100000000)
  region size 1024K, 2 young (2048K), 2 survivors (2048K)
 Metaspace       used 34701K, capacity 35711K, committed 35840K, reserved 1079296K
  class space    used 4615K, capacity 5007K, committed 5120K, reserved 1048576K
}

