# JRE version: OpenJDK Runtime Environment (11.0.13) (build 11.0.13+0-b1751.21-8125866)
# Java VM: OpenJDK 64-Bit Server VM (11.0.13+0-b1751.21-8125866, mixed mode, tiered, compressed oops, g1 gc, windows-amd64)
Heap:
 garbage-first heap   total 520192K, used 160026K [0x0000000080000000, 0x0000000100000000)
  region size 1024K, 4 young (4096K), 4 survivors (4096K)
 Metaspace       used 127682K, capacity 131092K, committed 134344K, reserved 1165312K
  class space    used 15957K, capacity 17265K, committed 18776K, reserved 1048576K
GC Heap History (20 events):
Event: 406.009 GC heap after
{Heap after GC invocations=52 (full 0):
 garbage-first heap   total 189440K, used 130181K [0x0000000080000000, 0x0000000100000000)
  region size 1024K, 3 young (3072K), 3 survivors (3072K)
 Metaspace       used 124743K, capacity 128159K, committed 131784K, reserved 1163264K
  class space    used 15689K, capacity 16953K, committed 18520K, reserved 1048576K
}
Event: 406.204 GC heap before
{Heap before GC invocations=52 (full 0):
 garbage-first heap   total 189440K, used 134277K [0x0000000080000000, 0x0000000100000000)
  region size 1024K, 23 young (23552K), 3 survivors (3072K)
 Metaspace       used 124875K, capacity 128319K, committed 131784K, reserved 1163264K
  class space    used 15691K, capacity 16985K, committed 18520K, reserved 1048576K
}
Event: 406.210 GC heap after
{Heap after GC invocations=53 (full 0):
 garbage-first heap   total 189440K, used 115944K [0x0000000080000000, 0x0000000100000000)
  region size 1024K, 2 young (2048K), 2 survivors (2048K)
 Metaspace       used 124875K, capacity 128319K, committed 131784K, reserved 1163264K
  class space    used 15691K, capacity 16985K, committed 18520K, reserved 1048576K
}
Event: 406.346 GC heap before
{Heap before GC invocations=54 (full 0):
 garbage-first heap   total 189440K, used 144616K [0x0000000080000000, 0x0000000100000000)
  region size 1024K, 30 young (30720K), 2 survivors (2048K)
 Metaspace       used 125089K, capacity 128511K, committed 132040K, reserved 1163264K
  class space    used 15708K, capacity 16985K, committed 18520K, reserved 1048576K
}
Event: 406.353 GC heap after
{Heap after GC invocations=55 (full 0):
 garbage-first heap   total 227328K, used 118204K [0x0000000080000000, 0x0000000100000000)
  region size 1024K, 4 young (4096K), 4 survivors (4096K)
 Metaspace       used 125089K, capacity 128511K, committed 132040K, reserved 1163264K
  class space    used 15708K, capacity 16985K, committed 18520K, reserved 1048576K
}
Event: 406.431 GC heap before
{Heap before GC invocations=55 (full 0):
 garbage-first heap   total 227328K, used 124348K [0x0000000080000000, 0x0000000100000000)
  region size 1024K, 11 young (11264K), 4 survivors (4096K)
 Metaspace       used 125243K, capacity 128639K, committed 132040K, reserved 1163264K
  class space    used 15716K, capacity 16985K, committed 18520K, reserved 1048576K
}
Event: 406.437 GC heap after
{Heap after GC invocations=56 (full 0):
 garbage-first heap   total 227328K, used 106284K [0x0000000080000000, 0x0000000100000000)
  region size 1024K, 1 young (1024K), 1 survivors (1024K)
 Metaspace       used 125243K, capacity 128639K, committed 132040K, reserved 1163264K
  class space    used 15716K, capacity 16985K, committed 18520K, reserved 1048576K
}
Event: 406.902 GC heap before
{Heap before GC invocations=56 (full 0):
 garbage-first heap   total 227328K, used 153388K [0x0000000080000000, 0x0000000100000000)
  region size 1024K, 48 young (49152K), 1 survivors (1024K)
 Metaspace       used 126491K, capacity 129904K, committed 133448K, reserved 1165312K
  class space    used 15839K, capacity 17128K, committed 18648K, reserved 1048576K
}
Event: 406.913 GC heap after
{Heap after GC invocations=57 (full 0):
 garbage-first heap   total 227328K, used 110622K [0x0000000080000000, 0x0000000100000000)
  region size 1024K, 6 young (6144K), 6 survivors (6144K)
 Metaspace       used 126491K, capacity 129904K, committed 133448K, reserved 1165312K
  class space    used 15839K, capacity 17128K, committed 18648K, reserved 1048576K
}
Event: 407.413 GC heap before
{Heap before GC invocations=58 (full 0):
 garbage-first heap   total 227328K, used 198686K [0x0000000080000000, 0x0000000100000000)
  region size 1024K, 54 young (55296K), 6 survivors (6144K)
 Metaspace       used 127377K, capacity 130745K, committed 133960K, reserved 1165312K
  class space    used 15929K, capacity 17212K, committed 18648K, reserved 1048576K
}
Event: 407.430 GC heap after
{Heap after GC invocations=59 (full 0):
 garbage-first heap   total 227328K, used 145270K [0x0000000080000000, 0x0000000100000000)
  region size 1024K, 7 young (7168K), 7 survivors (7168K)
 Metaspace       used 127377K, capacity 130745K, committed 133960K, reserved 1165312K
  class space    used 15929K, capacity 17212K, committed 18648K, reserved 1048576K
}
Event: 407.459 GC heap before
{Heap before GC invocations=59 (full 0):
 garbage-first heap   total 227328K, used 149366K [0x0000000080000000, 0x0000000100000000)
  region size 1024K, 11 young (11264K), 7 survivors (7168K)
 Metaspace       used 127383K, capacity 130748K, committed 133960K, reserved 1165312K
  class space    used 15929K, capacity 17213K, committed 18648K, reserved 1048576K
}
Event: 407.477 GC heap after
{Heap after GC invocations=60 (full 0):
 garbage-first heap   total 339968K, used 136698K [0x0000000080000000, 0x0000000100000000)
  region size 1024K, 2 young (2048K), 2 survivors (2048K)
 Metaspace       used 127383K, capacity 130748K, committed 133960K, reserved 1165312K
  class space    used 15929K, capacity 17213K, committed 18648K, reserved 1048576K
}
Event: 407.567 GC heap before
{Heap before GC invocations=60 (full 0):
 garbage-first heap   total 339968K, used 151034K [0x0000000080000000, 0x0000000100000000)
  region size 1024K, 16 young (16384K), 2 survivors (2048K)
 Metaspace       used 127388K, capacity 130749K, committed 133960K, reserved 1165312K
  class space    used 15929K, capacity 17213K, committed 18648K, reserved 1048576K
}
Event: 407.582 GC heap after
{Heap after GC invocations=61 (full 0):
 garbage-first heap   total 339968K, used 141178K [0x0000000080000000, 0x0000000100000000)
  region size 1024K, 2 young (2048K), 2 survivors (2048K)
 Metaspace       used 127388K, capacity 130749K, committed 133960K, reserved 1165312K
  class space    used 15929K, capacity 17213K, committed 18648K, reserved 1048576K
}
Event: 407.690 GC heap before
{Heap before GC invocations=61 (full 0):
 garbage-first heap   total 339968K, used 154490K [0x0000000080000000, 0x0000000100000000)
  region size 1024K, 16 young (16384K), 2 survivors (2048K)
 Metaspace       used 127393K, capacity 130749K, committed 133960K, reserved 1165312K
  class space    used 15929K, capacity 17213K, committed 18648K, reserved 1048576K
}
Event: 407.701 GC heap after
{Heap after GC invocations=62 (full 0):
 garbage-first heap   total 339968K, used 146025K [0x0000000080000000, 0x0000000100000000)
  region size 1024K, 2 young (2048K), 2 survivors (2048K)
 Metaspace       used 127393K, capacity 130749K, committed 133960K, reserved 1165312K
  class space    used 15929K, capacity 17213K, committed 18648K, reserved 1048576K
}
Event: 407.799 GC heap before
{Heap before GC invocations=62 (full 0):
 garbage-first heap   total 339968K, used 160361K [0x0000000080000000, 0x0000000100000000)
  region size 1024K, 16 young (16384K), 2 survivors (2048K)
 Metaspace       used 127394K, capacity 130749K, committed 133960K, reserved 1165312K
  class space    used 15929K, capacity 17213K, committed 18648K, reserved 1048576K
}
Event: 407.810 GC heap after
{Heap after GC invocations=63 (full 0):
 garbage-first heap   total 339968K, used 151552K [0x0000000080000000, 0x0000000100000000)
  region size 1024K, 2 young (2048K), 2 survivors (2048K)
 Metaspace       used 127394K, capacity 130749K, committed 133960K, reserved 1165312K
  class space    used 15929K, capacity 17213K, committed 18648K, reserved 1048576K
}
Event: 408.033 GC heap before
{Heap before GC invocations=64 (full 0):
 garbage-first heap   total 339968K, used 178176K [0x0000000080000000, 0x0000000100000000)
  region size 1024K, 28 young (28672K), 2 survivors (2048K)
 Metaspace       used 127682K, capacity 131092K, committed 134344K, reserved 1165312K
  class space    used 15957K, capacity 17265K, committed 18776K, reserved 1048576K
}

