# JRE version: OpenJDK Runtime Environment (11.0.13) (build 11.0.13+0-b1751.21-8125866)
# Java VM: OpenJDK 64-Bit Server VM (11.0.13+0-b1751.21-8125866, mixed mode, tiered, compressed oops, g1 gc, windows-amd64)
Heap:
 garbage-first heap   total 454656K, used 174276K [0x0000000080000000, 0x0000000100000000)
  region size 1024K, 2 young (2048K), 2 survivors (2048K)
 Metaspace       used 133604K, capacity 137803K, committed 138060K, reserved 1169408K
  class space    used 16353K, capacity 17703K, committed 17740K, reserved 1048576K
GC Heap History (20 events):
Event: 10406.168 GC heap after
{Heap after GC invocations=130 (full 0):
 garbage-first heap   total 227328K, used 191898K [0x0000000080000000, 0x0000000100000000)
  region size 1024K, 2 young (2048K), 2 survivors (2048K)
 Metaspace       used 124171K, capacity 128135K, committed 128332K, reserved 1161216K
  class space    used 15381K, capacity 16649K, committed 16716K, reserved 1048576K
}
Event: 10406.395 GC heap before
{Heap before GC invocations=130 (full 0):
 garbage-first heap   total 227328K, used 201114K [0x0000000080000000, 0x0000000100000000)
  region size 1024K, 11 young (11264K), 2 survivors (2048K)
 Metaspace       used 124901K, capacity 128906K, committed 129228K, reserved 1161216K
  class space    used 15438K, capacity 16748K, committed 16844K, reserved 1048576K
}
Event: 10406.402 GC heap after
{Heap after GC invocations=131 (full 0):
 garbage-first heap   total 227328K, used 193399K [0x0000000080000000, 0x0000000100000000)
  region size 1024K, 2 young (2048K), 2 survivors (2048K)
 Metaspace       used 124901K, capacity 128906K, committed 129228K, reserved 1161216K
  class space    used 15438K, capacity 16748K, committed 16844K, reserved 1048576K
}
Event: 10406.604 GC heap before
{Heap before GC invocations=132 (full 0):
 garbage-first heap   total 227328K, used 200567K [0x0000000080000000, 0x0000000100000000)
  region size 1024K, 11 young (11264K), 2 survivors (2048K)
 Metaspace       used 125832K, capacity 129930K, committed 130252K, reserved 1163264K
  class space    used 15502K, capacity 16812K, committed 16844K, reserved 1048576K
}
Event: 10406.609 GC heap after
{Heap after GC invocations=133 (full 0):
 garbage-first heap   total 279552K, used 192742K [0x0000000080000000, 0x0000000100000000)
  region size 1024K, 2 young (2048K), 2 survivors (2048K)
 Metaspace       used 125832K, capacity 129930K, committed 130252K, reserved 1163264K
  class space    used 15502K, capacity 16812K, committed 16844K, reserved 1048576K
}
Event: 10406.722 GC heap before
{Heap before GC invocations=133 (full 0):
 garbage-first heap   total 279552K, used 202982K [0x0000000080000000, 0x0000000100000000)
  region size 1024K, 13 young (13312K), 2 survivors (2048K)
 Metaspace       used 126921K, capacity 130986K, committed 131148K, reserved 1163264K
  class space    used 15607K, capacity 16908K, committed 16972K, reserved 1048576K
}
Event: 10406.728 GC heap after
{Heap after GC invocations=134 (full 0):
 garbage-first heap   total 279552K, used 193362K [0x0000000080000000, 0x0000000100000000)
  region size 1024K, 2 young (2048K), 2 survivors (2048K)
 Metaspace       used 126921K, capacity 130986K, committed 131148K, reserved 1163264K
  class space    used 15607K, capacity 16908K, committed 16972K, reserved 1048576K
}
Event: 10406.887 GC heap before
{Heap before GC invocations=134 (full 0):
 garbage-first heap   total 279552K, used 218962K [0x0000000080000000, 0x0000000100000000)
  region size 1024K, 28 young (28672K), 2 survivors (2048K)
 Metaspace       used 127202K, capacity 131242K, committed 131404K, reserved 1163264K
  class space    used 15615K, capacity 16908K, committed 16972K, reserved 1048576K
}
Event: 10406.896 GC heap after
{Heap after GC invocations=135 (full 0):
 garbage-first heap   total 279552K, used 194743K [0x0000000080000000, 0x0000000100000000)
  region size 1024K, 3 young (3072K), 3 survivors (3072K)
 Metaspace       used 127202K, capacity 131242K, committed 131404K, reserved 1163264K
  class space    used 15615K, capacity 16908K, committed 16972K, reserved 1048576K
}
Event: 10407.165 GC heap before
{Heap before GC invocations=135 (full 0):
 garbage-first heap   total 279552K, used 211127K [0x0000000080000000, 0x0000000100000000)
  region size 1024K, 31 young (31744K), 3 survivors (3072K)
 Metaspace       used 127867K, capacity 131940K, committed 132300K, reserved 1165312K
  class space    used 15656K, capacity 16970K, committed 17100K, reserved 1048576K
}
Event: 10407.172 GC heap after
{Heap after GC invocations=136 (full 0):
 garbage-first heap   total 279552K, used 182473K [0x0000000080000000, 0x0000000100000000)
  region size 1024K, 2 young (2048K), 2 survivors (2048K)
 Metaspace       used 127867K, capacity 131940K, committed 132300K, reserved 1165312K
  class space    used 15656K, capacity 16970K, committed 17100K, reserved 1048576K
}
Event: 10407.443 GC heap before
{Heap before GC invocations=137 (full 0):
 garbage-first heap   total 279552K, used 218313K [0x0000000080000000, 0x0000000100000000)
  region size 1024K, 38 young (38912K), 2 survivors (2048K)
 Metaspace       used 128763K, capacity 132854K, committed 133068K, reserved 1165312K
  class space    used 15743K, capacity 17040K, committed 17100K, reserved 1048576K
}
Event: 10407.455 GC heap after
{Heap after GC invocations=138 (full 0):
 garbage-first heap   total 346112K, used 189622K [0x0000000080000000, 0x0000000100000000)
  region size 1024K, 5 young (5120K), 5 survivors (5120K)
 Metaspace       used 128763K, capacity 132854K, committed 133068K, reserved 1165312K
  class space    used 15743K, capacity 17040K, committed 17100K, reserved 1048576K
}
Event: 10407.576 GC heap before
{Heap before GC invocations=138 (full 0):
 garbage-first heap   total 346112K, used 199862K [0x0000000080000000, 0x0000000100000000)
  region size 1024K, 16 young (16384K), 5 survivors (5120K)
 Metaspace       used 129078K, capacity 133164K, committed 133324K, reserved 1165312K
  class space    used 15774K, capacity 17079K, committed 17100K, reserved 1048576K
}
Event: 10407.584 GC heap after
{Heap after GC invocations=139 (full 0):
 garbage-first heap   total 346112K, used 178790K [0x0000000080000000, 0x0000000100000000)
  region size 1024K, 1 young (1024K), 1 survivors (1024K)
 Metaspace       used 129078K, capacity 133164K, committed 133324K, reserved 1165312K
  class space    used 15774K, capacity 17079K, committed 17100K, reserved 1048576K
}
Event: 10408.374 GC heap before
{Heap before GC invocations=139 (full 0):
 garbage-first heap   total 346112K, used 243302K [0x0000000080000000, 0x0000000100000000)
  region size 1024K, 65 young (66560K), 1 survivors (1024K)
 Metaspace       used 132555K, capacity 136771K, committed 136908K, reserved 1169408K
  class space    used 16214K, capacity 17532K, committed 17612K, reserved 1048576K
}
Event: 10408.386 GC heap after
{Heap after GC invocations=140 (full 0):
 garbage-first heap   total 346112K, used 181336K [0x0000000080000000, 0x0000000100000000)
  region size 1024K, 4 young (4096K), 4 survivors (4096K)
 Metaspace       used 132555K, capacity 136771K, committed 136908K, reserved 1169408K
  class space    used 16214K, capacity 17532K, committed 17612K, reserved 1048576K
}
Event: 10409.304 GC heap before
{Heap before GC invocations=141 (full 0):
 garbage-first heap   total 346112K, used 249944K [0x0000000080000000, 0x0000000100000000)
  region size 1024K, 72 young (73728K), 4 survivors (4096K)
 Metaspace       used 133599K, capacity 137803K, committed 138060K, reserved 1169408K
  class space    used 16353K, capacity 17703K, committed 17740K, reserved 1048576K
}
Event: 10409.314 GC heap after
{Heap after GC invocations=142 (full 0):
 garbage-first heap   total 346112K, used 186694K [0x0000000080000000, 0x0000000100000000)
  region size 1024K, 9 young (9216K), 9 survivors (9216K)
 Metaspace       used 133599K, capacity 137803K, committed 138060K, reserved 1169408K
  class space    used 16353K, capacity 17703K, committed 17740K, reserved 1048576K
}
Event: 10409.413 GC heap before
{Heap before GC invocations=142 (full 0):
 garbage-first heap   total 346112K, used 192838K [0x0000000080000000, 0x0000000100000000)
  region size 1024K, 16 young (16384K), 9 survivors (9216K)
 Metaspace       used 133604K, capacity 137803K, committed 138060K, reserved 1169408K
  class space    used 16353K, capacity 17703K, committed 17740K, reserved 1048576K
}

