# JRE version: OpenJDK Runtime Environment (11.0.13) (build 11.0.13+0-b1751.21-8125866)
# Java VM: OpenJDK 64-Bit Server VM (11.0.13+0-b1751.21-8125866, mixed mode, tiered, compressed oops, g1 gc, windows-amd64)
Heap:
 garbage-first heap   total 653312K, used 236717K [0x0000000080000000, 0x0000000100000000)
  region size 1024K, 3 young (3072K), 3 survivors (3072K)
 Metaspace       used 149326K, capacity 154407K, committed 158888K, reserved 1187840K
  class space    used 18023K, capacity 19891K, committed 21208K, reserved 1048576K
GC Heap History (20 events):
Event: 11654.563 GC heap after
{Heap after GC invocations=227 (full 0):
 garbage-first heap   total 282624K, used 192653K [0x0000000080000000, 0x0000000100000000)
  region size 1024K, 4 young (4096K), 4 survivors (4096K)
 Metaspace       used 148064K, capacity 153131K, committed 158888K, reserved 1187840K
  class space    used 17897K, capacity 19750K, committed 21208K, reserved 1048576K
}
Event: 11654.939 GC heap before
{Heap before GC invocations=228 (full 0):
 garbage-first heap   total 282624K, used 233613K [0x0000000080000000, 0x0000000100000000)
  region size 1024K, 45 young (46080K), 4 survivors (4096K)
 Metaspace       used 148078K, capacity 153131K, committed 158888K, reserved 1187840K
  class space    used 17897K, capacity 19750K, committed 21208K, reserved 1048576K
}
Event: 11654.945 GC heap after
{Heap after GC invocations=229 (full 0):
 garbage-first heap   total 282624K, used 192986K [0x0000000080000000, 0x0000000100000000)
  region size 1024K, 2 young (2048K), 2 survivors (2048K)
 Metaspace       used 148078K, capacity 153131K, committed 158888K, reserved 1187840K
  class space    used 17897K, capacity 19750K, committed 21208K, reserved 1048576K
}
Event: 11655.079 GC heap before
{Heap before GC invocations=229 (full 0):
 garbage-first heap   total 282624K, used 203226K [0x0000000080000000, 0x0000000100000000)
  region size 1024K, 13 young (13312K), 2 survivors (2048K)
 Metaspace       used 148090K, capacity 153131K, committed 158888K, reserved 1187840K
  class space    used 17897K, capacity 19750K, committed 21208K, reserved 1048576K
}
Event: 11655.085 GC heap after
{Heap after GC invocations=230 (full 0):
 garbage-first heap   total 282624K, used 192846K [0x0000000080000000, 0x0000000100000000)
  region size 1024K, 1 young (1024K), 1 survivors (1024K)
 Metaspace       used 148090K, capacity 153131K, committed 158888K, reserved 1187840K
  class space    used 17897K, capacity 19750K, committed 21208K, reserved 1048576K
}
Event: 11655.568 GC heap before
{Heap before GC invocations=230 (full 0):
 garbage-first heap   total 282624K, used 220494K [0x0000000080000000, 0x0000000100000000)
  region size 1024K, 30 young (30720K), 1 survivors (1024K)
 Metaspace       used 149004K, capacity 154100K, committed 158888K, reserved 1187840K
  class space    used 17998K, capacity 19872K, committed 21208K, reserved 1048576K
}
Event: 11655.578 GC heap after
{Heap after GC invocations=231 (full 0):
 garbage-first heap   total 282624K, used 194162K [0x0000000080000000, 0x0000000100000000)
  region size 1024K, 2 young (2048K), 2 survivors (2048K)
 Metaspace       used 149004K, capacity 154100K, committed 158888K, reserved 1187840K
  class space    used 17998K, capacity 19872K, committed 21208K, reserved 1048576K
}
Event: 11655.838 GC heap before
{Heap before GC invocations=231 (full 0):
 garbage-first heap   total 282624K, used 266866K [0x0000000080000000, 0x0000000100000000)
  region size 1024K, 45 young (46080K), 2 survivors (2048K)
 Metaspace       used 149065K, capacity 154170K, committed 158888K, reserved 1187840K
  class space    used 18000K, capacity 19874K, committed 21208K, reserved 1048576K
}
Event: 11655.857 GC heap after
{Heap after GC invocations=232 (full 0):
 garbage-first heap   total 285696K, used 222208K [0x0000000080000000, 0x0000000100000000)
  region size 1024K, 6 young (6144K), 6 survivors (6144K)
 Metaspace       used 149065K, capacity 154170K, committed 158888K, reserved 1187840K
  class space    used 18000K, capacity 19874K, committed 21208K, reserved 1048576K
}
Event: 11655.916 GC heap before
{Heap before GC invocations=233 (full 0):
 garbage-first heap   total 285696K, used 239616K [0x0000000080000000, 0x0000000100000000)
  region size 1024K, 22 young (22528K), 6 survivors (6144K)
 Metaspace       used 149066K, capacity 154170K, committed 158888K, reserved 1187840K
  class space    used 18000K, capacity 19874K, committed 21208K, reserved 1048576K
}
Event: 11655.935 GC heap after
{Heap after GC invocations=234 (full 0):
 garbage-first heap   total 285696K, used 228858K [0x0000000080000000, 0x0000000100000000)
  region size 1024K, 3 young (3072K), 3 survivors (3072K)
 Metaspace       used 149066K, capacity 154170K, committed 158888K, reserved 1187840K
  class space    used 18000K, capacity 19874K, committed 21208K, reserved 1048576K
}
Event: 11655.974 GC heap before
{Heap before GC invocations=234 (full 0):
 garbage-first heap   total 285696K, used 238074K [0x0000000080000000, 0x0000000100000000)
  region size 1024K, 13 young (13312K), 3 survivors (3072K)
 Metaspace       used 149067K, capacity 154170K, committed 158888K, reserved 1187840K
  class space    used 18000K, capacity 19874K, committed 21208K, reserved 1048576K
}
Event: 11656.002 GC heap after
{Heap after GC invocations=235 (full 0):
 garbage-first heap   total 395264K, used 211695K [0x0000000080000000, 0x0000000100000000)
  region size 1024K, 2 young (2048K), 2 survivors (2048K)
 Metaspace       used 149067K, capacity 154170K, committed 158888K, reserved 1187840K
  class space    used 18000K, capacity 19874K, committed 21208K, reserved 1048576K
}
Event: 11656.008 GC heap before
{Heap before GC invocations=235 (full 0):
 garbage-first heap   total 395264K, used 211695K [0x0000000080000000, 0x0000000100000000)
  region size 1024K, 3 young (3072K), 2 survivors (2048K)
 Metaspace       used 149067K, capacity 154170K, committed 158888K, reserved 1187840K
  class space    used 18000K, capacity 19874K, committed 21208K, reserved 1048576K
}
Event: 11656.022 GC heap after
{Heap after GC invocations=236 (full 0):
 garbage-first heap   total 395264K, used 212252K [0x0000000080000000, 0x0000000100000000)
  region size 1024K, 3 young (3072K), 3 survivors (3072K)
 Metaspace       used 149067K, capacity 154170K, committed 158888K, reserved 1187840K
  class space    used 18000K, capacity 19874K, committed 21208K, reserved 1048576K
}
Event: 11656.168 GC heap before
{Heap before GC invocations=236 (full 0):
 garbage-first heap   total 395264K, used 229660K [0x0000000080000000, 0x0000000100000000)
  region size 1024K, 19 young (19456K), 3 survivors (3072K)
 Metaspace       used 149278K, capacity 154342K, committed 158888K, reserved 1187840K
  class space    used 18023K, capacity 19891K, committed 21208K, reserved 1048576K
}
Event: 11656.184 GC heap after
{Heap after GC invocations=237 (full 0):
 garbage-first heap   total 395264K, used 219894K [0x0000000080000000, 0x0000000100000000)
  region size 1024K, 3 young (3072K), 3 survivors (3072K)
 Metaspace       used 149278K, capacity 154342K, committed 158888K, reserved 1187840K
  class space    used 18023K, capacity 19891K, committed 21208K, reserved 1048576K
}
Event: 11656.323 GC heap before
{Heap before GC invocations=237 (full 0):
 garbage-first heap   total 395264K, used 236278K [0x0000000080000000, 0x0000000100000000)
  region size 1024K, 19 young (19456K), 3 survivors (3072K)
 Metaspace       used 149312K, capacity 154407K, committed 158888K, reserved 1187840K
  class space    used 18023K, capacity 19891K, committed 21208K, reserved 1048576K
}
Event: 11656.342 GC heap after
{Heap after GC invocations=238 (full 0):
 garbage-first heap   total 395264K, used 228104K [0x0000000080000000, 0x0000000100000000)
  region size 1024K, 3 young (3072K), 3 survivors (3072K)
 Metaspace       used 149312K, capacity 154407K, committed 158888K, reserved 1187840K
  class space    used 18023K, capacity 19891K, committed 21208K, reserved 1048576K
}
Event: 11656.422 GC heap before
{Heap before GC invocations=238 (full 0):
 garbage-first heap   total 395264K, used 244488K [0x0000000080000000, 0x0000000100000000)
  region size 1024K, 19 young (19456K), 3 survivors (3072K)
 Metaspace       used 149326K, capacity 154407K, committed 158888K, reserved 1187840K
  class space    used 18023K, capacity 19891K, committed 21208K, reserved 1048576K
}

