# JRE version: OpenJDK Runtime Environment (11.0.13) (build 11.0.13+0-b1751.21-8125866)
# Java VM: OpenJDK 64-Bit Server VM (11.0.13+0-b1751.21-8125866, mixed mode, tiered, compressed oops, g1 gc, windows-amd64)
Heap:
 garbage-first heap   total 521216K, used 246784K [0x0000000080000000, 0x0000000100000000)
  region size 1024K, 3 young (3072K), 3 survivors (3072K)
 Metaspace       used 140724K, capacity 144985K, committed 145280K, reserved 1175552K
  class space    used 17856K, capacity 19502K, committed 19584K, reserved 1048576K
GC Heap History (20 events):
Event: 2690.737 GC heap after
{Heap after GC invocations=79 (full 0):
 garbage-first heap   total 356352K, used 202883K [0x0000000080000000, 0x0000000100000000)
  region size 1024K, 2 young (2048K), 2 survivors (2048K)
 Metaspace       used 118103K, capacity 120878K, committed 121472K, reserved 1155072K
  class space    used 14586K, capacity 15594K, committed 15744K, reserved 1048576K
}
Event: 2691.194 GC heap before
{Heap before GC invocations=80 (full 0):
 garbage-first heap   total 356352K, used 230530K [0x0000000080000000, 0x0000000100000000)
  region size 1024K, 55 young (56320K), 2 survivors (2048K)
 Metaspace       used 119291K, capacity 122094K, committed 122624K, reserved 1157120K
  class space    used 14667K, capacity 15658K, committed 15872K, reserved 1048576K
}
Event: 2691.204 GC heap after
{Heap after GC invocations=81 (full 0):
 garbage-first heap   total 356352K, used 183046K [0x0000000080000000, 0x0000000100000000)
  region size 1024K, 7 young (7168K), 7 survivors (7168K)
 Metaspace       used 119291K, capacity 122094K, committed 122624K, reserved 1157120K
  class space    used 14667K, capacity 15658K, committed 15872K, reserved 1048576K
}
Event: 2691.308 GC heap before
{Heap before GC invocations=81 (full 0):
 garbage-first heap   total 356352K, used 193286K [0x0000000080000000, 0x0000000100000000)
  region size 1024K, 17 young (17408K), 7 survivors (7168K)
 Metaspace       used 119354K, capacity 122158K, committed 122880K, reserved 1157120K
  class space    used 14669K, capacity 15658K, committed 15872K, reserved 1048576K
}
Event: 2691.314 GC heap after
{Heap after GC invocations=82 (full 0):
 garbage-first heap   total 356352K, used 167548K [0x0000000080000000, 0x0000000100000000)
  region size 1024K, 2 young (2048K), 2 survivors (2048K)
 Metaspace       used 119354K, capacity 122158K, committed 122880K, reserved 1157120K
  class space    used 14669K, capacity 15658K, committed 15872K, reserved 1048576K
}
Event: 2692.538 GC heap before
{Heap before GC invocations=82 (full 0):
 garbage-first heap   total 356352K, used 238204K [0x0000000080000000, 0x0000000100000000)
  region size 1024K, 72 young (73728K), 2 survivors (2048K)
 Metaspace       used 122348K, capacity 125118K, committed 125440K, reserved 1159168K
  class space    used 15053K, capacity 16040K, committed 16128K, reserved 1048576K
}
Event: 2692.545 GC heap after
{Heap after GC invocations=83 (full 0):
 garbage-first heap   total 356352K, used 168227K [0x0000000080000000, 0x0000000100000000)
  region size 1024K, 3 young (3072K), 3 survivors (3072K)
 Metaspace       used 122348K, capacity 125118K, committed 125440K, reserved 1159168K
  class space    used 15053K, capacity 16040K, committed 16128K, reserved 1048576K
}
Event: 2693.437 GC heap before
{Heap before GC invocations=84 (full 0):
 garbage-first heap   total 356352K, used 245851K [0x0000000080000000, 0x0000000100000000)
  region size 1024K, 80 young (81920K), 3 survivors (3072K)
 Metaspace       used 125273K, capacity 128104K, committed 128384K, reserved 1161216K
  class space    used 15403K, capacity 16423K, committed 16512K, reserved 1048576K
}
Event: 2693.446 GC heap after
{Heap after GC invocations=85 (full 0):
 garbage-first heap   total 356352K, used 172829K [0x0000000080000000, 0x0000000100000000)
  region size 1024K, 7 young (7168K), 7 survivors (7168K)
 Metaspace       used 125273K, capacity 128104K, committed 128384K, reserved 1161216K
  class space    used 15403K, capacity 16423K, committed 16512K, reserved 1048576K
}
Event: 2693.527 GC heap before
{Heap before GC invocations=85 (full 0):
 garbage-first heap   total 356352K, used 182045K [0x0000000080000000, 0x0000000100000000)
  region size 1024K, 17 young (17408K), 7 survivors (7168K)
 Metaspace       used 125502K, capacity 128348K, committed 128640K, reserved 1161216K
  class space    used 15430K, capacity 16461K, committed 16512K, reserved 1048576K
}
Event: 2693.537 GC heap after
{Heap after GC invocations=86 (full 0):
 garbage-first heap   total 356352K, used 162843K [0x0000000080000000, 0x0000000100000000)
  region size 1024K, 1 young (1024K), 1 survivors (1024K)
 Metaspace       used 125502K, capacity 128348K, committed 128640K, reserved 1161216K
  class space    used 15430K, capacity 16461K, committed 16512K, reserved 1048576K
}
Event: 2694.416 GC heap before
{Heap before GC invocations=86 (full 0):
 garbage-first heap   total 356352K, used 262171K [0x0000000080000000, 0x0000000100000000)
  region size 1024K, 99 young (101376K), 1 survivors (1024K)
 Metaspace       used 130110K, capacity 133246K, committed 133504K, reserved 1165312K
  class space    used 16067K, capacity 17212K, committed 17280K, reserved 1048576K
}
Event: 2694.427 GC heap after
{Heap after GC invocations=87 (full 0):
 garbage-first heap   total 356352K, used 168356K [0x0000000080000000, 0x0000000100000000)
  region size 1024K, 7 young (7168K), 7 survivors (7168K)
 Metaspace       used 130110K, capacity 133246K, committed 133504K, reserved 1165312K
  class space    used 16067K, capacity 17212K, committed 17280K, reserved 1048576K
}
Event: 2696.154 GC heap before
{Heap before GC invocations=88 (full 0):
 garbage-first heap   total 356352K, used 241060K [0x0000000080000000, 0x0000000100000000)
  region size 1024K, 78 young (79872K), 7 survivors (7168K)
 Metaspace       used 139199K, capacity 143368K, committed 143616K, reserved 1173504K
  class space    used 17590K, capacity 19194K, committed 19200K, reserved 1048576K
}
Event: 2696.167 GC heap after
{Heap after GC invocations=89 (full 0):
 garbage-first heap   total 356352K, used 167870K [0x0000000080000000, 0x0000000100000000)
  region size 1024K, 6 young (6144K), 6 survivors (6144K)
 Metaspace       used 139199K, capacity 143368K, committed 143616K, reserved 1173504K
  class space    used 17590K, capacity 19194K, committed 19200K, reserved 1048576K
}
Event: 2696.600 GC heap before
{Heap before GC invocations=90 (full 0):
 garbage-first heap   total 356352K, used 251838K [0x0000000080000000, 0x0000000100000000)
  region size 1024K, 51 young (52224K), 6 survivors (6144K)
 Metaspace       used 139657K, capacity 143839K, committed 144000K, reserved 1173504K
  class space    used 17656K, capacity 19265K, committed 19328K, reserved 1048576K
}
Event: 2696.657 GC heap after
{Heap after GC invocations=91 (full 0):
 garbage-first heap   total 356352K, used 206262K [0x0000000080000000, 0x0000000100000000)
  region size 1024K, 14 young (14336K), 14 survivors (14336K)
 Metaspace       used 139657K, capacity 143839K, committed 144000K, reserved 1173504K
  class space    used 17656K, capacity 19265K, committed 19328K, reserved 1048576K
}
Event: 2697.173 GC heap before
{Heap before GC invocations=92 (full 0):
 garbage-first heap   total 356352K, used 278966K [0x0000000080000000, 0x0000000100000000)
  region size 1024K, 84 young (86016K), 14 survivors (14336K)
 Metaspace       used 140722K, capacity 144985K, committed 145280K, reserved 1175552K
  class space    used 17856K, capacity 19502K, committed 19584K, reserved 1048576K
}
Event: 2697.223 GC heap after
{Heap after GC invocations=93 (full 0):
 garbage-first heap   total 356352K, used 241378K [0x0000000080000000, 0x0000000100000000)
  region size 1024K, 11 young (11264K), 11 survivors (11264K)
 Metaspace       used 140722K, capacity 144985K, committed 145280K, reserved 1175552K
  class space    used 17856K, capacity 19502K, committed 19584K, reserved 1048576K
}
Event: 2697.244 GC heap before
{Heap before GC invocations=93 (full 0):
 garbage-first heap   total 356352K, used 246498K [0x0000000080000000, 0x0000000100000000)
  region size 1024K, 17 young (17408K), 11 survivors (11264K)
 Metaspace       used 140724K, capacity 144985K, committed 145280K, reserved 1175552K
  class space    used 17856K, capacity 19502K, committed 19584K, reserved 1048576K
}

