# JRE version: OpenJDK Runtime Environment (11.0.13) (build 11.0.13+0-b1751.21-8125866)
# Java VM: OpenJDK 64-Bit Server VM (11.0.13+0-b1751.21-8125866, mixed mode, tiered, compressed oops, g1 gc, windows-amd64)
Heap:
 garbage-first heap   total 131072K, used 64018K [0x0000000080000000, 0x0000000100000000)
  region size 1024K, 35 young (35840K), 7 survivors (7168K)
 Metaspace       used 34551K, capacity 35542K, committed 35712K, reserved 1079296K
  class space    used 4599K, capacity 4972K, committed 4992K, reserved 1048576K
GC Heap History (12 events):
Event: 0.729 GC heap before
{Heap before GC invocations=0 (full 0):
 garbage-first heap   total 131072K, used 29696K [0x0000000080000000, 0x0000000100000000)
  region size 1024K, 24 young (24576K), 0 survivors (0K)
 Metaspace       used 10141K, capacity 10333K, committed 10624K, reserved 1058816K
  class space    used 1047K, capacity 1108K, committed 1152K, reserved 1048576K
}
Event: 0.734 GC heap after
{Heap after GC invocations=1 (full 0):
 garbage-first heap   total 131072K, used 9508K [0x0000000080000000, 0x0000000100000000)
  region size 1024K, 3 young (3072K), 3 survivors (3072K)
 Metaspace       used 10141K, capacity 10333K, committed 10624K, reserved 1058816K
  class space    used 1047K, capacity 1108K, committed 1152K, reserved 1048576K
}
Event: 1.003 GC heap before
{Heap before GC invocations=1 (full 0):
 garbage-first heap   total 131072K, used 34084K [0x0000000080000000, 0x0000000100000000)
  region size 1024K, 27 young (27648K), 3 survivors (3072K)
 Metaspace       used 11187K, capacity 11386K, committed 11520K, reserved 1058816K
  class space    used 1155K, capacity 1246K, committed 1280K, reserved 1048576K
}
Event: 1.007 GC heap after
{Heap after GC invocations=2 (full 0):
 garbage-first heap   total 131072K, used 9878K [0x0000000080000000, 0x0000000100000000)
  region size 1024K, 1 young (1024K), 1 survivors (1024K)
 Metaspace       used 11187K, capacity 11386K, committed 11520K, reserved 1058816K
  class space    used 1155K, capacity 1246K, committed 1280K, reserved 1048576K
}
Event: 2.478 GC heap before
{Heap before GC invocations=2 (full 0):
 garbage-first heap   total 131072K, used 65174K [0x0000000080000000, 0x0000000100000000)
  region size 1024K, 55 young (56320K), 1 survivors (1024K)
 Metaspace       used 18170K, capacity 18636K, committed 18688K, reserved 1064960K
  class space    used 2138K, capacity 2293K, committed 2304K, reserved 1048576K
}
Event: 2.483 GC heap after
{Heap after GC invocations=3 (full 0):
 garbage-first heap   total 131072K, used 16278K [0x0000000080000000, 0x0000000100000000)
  region size 1024K, 7 young (7168K), 7 survivors (7168K)
 Metaspace       used 18170K, capacity 18636K, committed 18688K, reserved 1064960K
  class space    used 2138K, capacity 2293K, committed 2304K, reserved 1048576K
}
Event: 2.780 GC heap before
{Heap before GC invocations=3 (full 0):
 garbage-first heap   total 131072K, used 38806K [0x0000000080000000, 0x0000000100000000)
  region size 1024K, 30 young (30720K), 7 survivors (7168K)
 Metaspace       used 20698K, capacity 21126K, committed 21248K, reserved 1067008K
  class space    used 2521K, capacity 2697K, committed 2816K, reserved 1048576K
}
Event: 2.792 GC heap after
{Heap after GC invocations=4 (full 0):
 garbage-first heap   total 131072K, used 17167K [0x0000000080000000, 0x0000000100000000)
  region size 1024K, 1 young (1024K), 1 survivors (1024K)
 Metaspace       used 20698K, capacity 21126K, committed 21248K, reserved 1067008K
  class space    used 2521K, capacity 2697K, committed 2816K, reserved 1048576K
}
Event: 3.521 GC heap before
{Heap before GC invocations=5 (full 0):
 garbage-first heap   total 131072K, used 68367K [0x0000000080000000, 0x0000000100000000)
  region size 1024K, 52 young (53248K), 1 survivors (1024K)
 Metaspace       used 26036K, capacity 26671K, committed 27008K, reserved 1073152K
  class space    used 3374K, capacity 3617K, committed 3712K, reserved 1048576K
}
Event: 3.526 GC heap after
{Heap after GC invocations=6 (full 0):
 garbage-first heap   total 131072K, used 18903K [0x0000000080000000, 0x0000000100000000)
  region size 1024K, 3 young (3072K), 3 survivors (3072K)
 Metaspace       used 26036K, capacity 26671K, committed 27008K, reserved 1073152K
  class space    used 3374K, capacity 3617K, committed 3712K, reserved 1048576K
}
Event: 4.267 GC heap before
{Heap before GC invocations=6 (full 0):
 garbage-first heap   total 131072K, used 87511K [0x0000000080000000, 0x0000000100000000)
  region size 1024K, 58 young (59392K), 3 survivors (3072K)
 Metaspace       used 30704K, capacity 31541K, committed 31616K, reserved 1077248K
  class space    used 4080K, capacity 4407K, committed 4480K, reserved 1048576K
}
Event: 4.273 GC heap after
{Heap after GC invocations=7 (full 0):
 garbage-first heap   total 131072K, used 36370K [0x0000000080000000, 0x0000000100000000)
  region size 1024K, 7 young (7168K), 7 survivors (7168K)
 Metaspace       used 30704K, capacity 31541K, committed 31616K, reserved 1077248K
  class space    used 4080K, capacity 4407K, committed 4480K, reserved 1048576K
}

